<?xml version="1.0" encoding="UTF-8"?>
<!-- Generated by org.testng.reporters.JUnitReportReporter -->
<testsuite hostname="DESKTOP-48K146D" failures="0" tests="2" name="Eyeem_test" time="8.678" errors="0" timestamp="28 Mar 2019 02:49:43 GMT" skipped="0">
  <testcase classname="Eyeem_test" name="SimpleTest" time="8.379"/>
  <testcase classname="Eyeem_test" name="SimpleTest2" time="0.299"/>
</testsuite> <!-- Eyeem_test -->
